DEBUG tests/list_tests.c:102: ----- RUNNING: ./tests/list_tests
DEBUG tests/list_tests.c:92: 
----- test_create
DEBUG tests/list_tests.c:93: 
----- test_push_pop
DEBUG tests/list_tests.c:94: 
----- test_unshift
DEBUG tests/list_tests.c:95: 
----- test_remove
DEBUG tests/list_tests.c:96: 
----- test_shift
DEBUG tests/list_tests.c:97: 
----- test_destroy
DEBUG tests/list_tests.c:102: ----- RUNNING: ./tests/list_tests
DEBUG tests/list_tests.c:92: 
----- test_create
DEBUG tests/list_tests.c:93: 
----- test_push_pop
DEBUG tests/list_tests.c:94: 
----- test_unshift
DEBUG tests/list_tests.c:95: 
----- test_remove
DEBUG tests/list_tests.c:96: 
----- test_shift
DEBUG tests/list_tests.c:97: 
----- test_destroy
DEBUG tests/list_tests.c:104: ----- RUNNING: ./tests/list_tests
DEBUG tests/list_tests.c:94: 
----- test_create
DEBUG tests/list_tests.c:95: 
----- test_push_pop
DEBUG tests/list_tests.c:96: 
----- test_unshift
DEBUG tests/list_tests.c:97: 
----- test_remove
DEBUG tests/list_tests.c:98: 
----- test_shift
DEBUG tests/list_tests.c:99: 
----- test_destroy
DEBUG tests/list_tests.c:103: ----- RUNNING: ./tests/list_tests
DEBUG tests/list_tests.c:93: 
----- test_create
DEBUG tests/list_tests.c:94: 
----- test_push_pop
DEBUG tests/list_tests.c:95: 
----- test_unshift
DEBUG tests/list_tests.c:96: 
----- test_remove
DEBUG tests/list_tests.c:97: 
----- test_shift
DEBUG tests/list_tests.c:98: 
----- test_destroy
DEBUG tests/list_tests.c:103: ----- RUNNING: ./tests/list_tests
DEBUG tests/list_tests.c:93: 
----- test_create
DEBUG tests/list_tests.c:94: 
----- test_push_pop
DEBUG tests/list_tests.c:95: 
----- test_unshift
DEBUG tests/list_tests.c:96: 
----- test_remove
DEBUG tests/list_tests.c:97: 
----- test_shift
DEBUG tests/list_tests.c:98: 
----- test_destroy
DEBUG tests/list_tests.c:107: ----- RUNNING: ./tests/list_tests
DEBUG tests/list_tests.c:97: 
----- test_create
DEBUG tests/list_tests.c:98: 
----- test_push_pop
[ERROR] (tests/list_tests.c:38:test_push_pop: errno: None) Wrong count on push.
DEBUG tests/list_tests.c:107: ----- RUNNING: ./tests/list_tests
DEBUG tests/list_tests.c:97: 
----- test_create
DEBUG tests/list_tests.c:98: 
----- test_push_pop
[ERROR] (tests/list_tests.c:41:test_push_pop: errno: None) Wrong value on pop
DEBUG tests/list_tests.c:107: ----- RUNNING: ./tests/list_tests
DEBUG tests/list_tests.c:97: 
----- test_create
DEBUG tests/list_tests.c:98: 
----- test_push_pop
[ERROR] (tests/list_tests.c:41:test_push_pop: errno: None) Wrong value on pop
DEBUG tests/list_tests.c:109: ----- RUNNING: ./tests/list_tests
DEBUG tests/list_tests.c:99: 
----- test_create
DEBUG tests/list_tests.c:100: 
----- test_push_pop
[ERROR] (tests/list_tests.c:43:test_push_pop: errno: None) Wrong value on pop
